
2023-04-13 17:18:26 aefnet adlı yetkili oyuncunun banını kaldırdı. Oyuncu adı:3f22da04-e77f-46e8-803f-42490a37cc6f 7 Gün Server Banı
2023-04-13 17:18:27 aefnet adlı yetkili oyuncunun banını kaldırdı. Oyuncu adı:94157250-ed01-4e16-add1-f8cd88c6b443 7 Gün Server Banı
2023-04-13 17:18:31 aefnet adlı yetkili oyuncunun banını kaldırdı. Oyuncu adı:3f22da04-e77f-46e8-803f-42490a37cc6f 7 Gün Server Banı
2023-04-13 17:18:37 aefnet adlı yetkili oyuncuyu banladı. Oyuncu Adı: 7 Gün Oda Kurma Banı
2023-04-13 17:19:03 aefnet adlı yetkili oyuncuyu banladı. Oyuncu Adı:test 14 Gün Oda Kurma Banı
2023-04-13 17:21:48 aefnet adlı yetkili oyuncunun banını kaldırdı. Oyuncu adı:3f22da04-e77f-46e8-803f-42490a37cc6f 14 Gün Oda Kurma Banı
2023-04-13 17:22:23 aefnet adlı yetkili oyuncuyu banladı. Oyuncu Adı: denemes 24 Saat Server Banı
2023-04-13 17:22:25 aefnet adlı yetkili oyuncunun banını kaldırdı. Oyuncu adı:94157250-ed01-4e16-add1-f8cd88c6b443 7 Gün Oda Kurma Banı
2023-04-13 17:24:17 aefnet adlı yetkili oyuncuyu banladı. Oyuncu Adı: test 7 Gün Server Banı
2023-04-13 17:24:29 aefnet adlı yetkili oyuncunun banını kaldırdı. Oyuncu Adı:  7 Gün Server Banı
2023-04-13 17:25:42 aefnet adlı yetkili oyuncunun banını kaldırdı. Oyuncu Adı:  24 Saat Server Banı
2023-04-13 17:26:10 aefnet adlı yetkili oyuncuyu banladı. Oyuncu Adı: denemes 7 Gün Oda Kurma Banı
2023-04-13 17:27:27 aefnet adlı yetkili oyuncuyu banladı. Oyuncu Adı: denemes 7 Gün Oda Kurma Banı
2023-04-13 17:27:29 aefnet adlı yetkili oyuncunun banını kaldırdı. Oyuncu Adı:  7 Gün Oda Kurma Banı
2023-04-13 17:28:12 aefnet adlı yetkili oyuncuyu banladı. Oyuncu Adı: denemes 14 Gün Server Banı
2023-04-13 17:29:13 aefnet adlı yetkili oyuncuyu banladı. Oyuncu Adı: denemes 14 Gün Oda Kurma Banı
2023-04-13 17:29:15 aefnet adlı yetkili oyuncunun banını kaldırdı. Oyuncu Adı: denemes 14 Gün Oda Kurma Banı
2023-04-13 18:25:00 aefnet adlı yetkili oyuncuyu banladı. Oyuncu Adı: denemes 7 Gün Oda Kurma Banı
2023-04-13 18:30:52 aefnet adlı yetkili oyuncuyu banladı. Oyuncu Adı: denemes 24 Saat Sohbet Banı
2023-04-13 18:32:48 aefnet adlı yetkili oyuncunun banını kaldırdı. Oyuncu Adı:  7 Gün Oda Kurma Banı
2023-04-13 18:35:26 aefnet adlı yetkili oyuncunun banını kaldırdı. Oyuncu Adı:  24 Saat Sohbet Banı
2023-04-13 18:39:57 aefnet adlı yetkili oyuncuyu banladı. Oyuncu Adı: denemes 1 Oda Kurma Banı